<?xml version="1.0" encoding="UTF-8"?>
<!-- Generated by org.testng.reporters.JUnitReportReporter -->
<testsuite skipped="0" hostname="Mirna" name="test.addCustomerTest" tests="1" failures="0" timestamp="2021-05-29T01:57:16 CDT" time="9.238" errors="0">
  <testcase name="validUserToAddCustomer" time="9.238" classname="test.addCustomerTest"/>
  <system-out/>
</testsuite> <!-- test.addCustomerTest -->
